mars 17, 2016 7:20:13 PM org.apache.catalina.startup.VersionLoggerListener log
INFOS: Server version:        Apache Tomcat (TomEE)/7.0.63 (1.7.3)
mars 17, 2016 7:20:13 PM org.apache.catalina.startup.VersionLoggerListener log
INFOS: Server built:          Jun 30 2015 08:08:33 UTC
mars 17, 2016 7:20:13 PM org.apache.catalina.startup.VersionLoggerListener log
INFOS: Server number:         7.0.63.0
mars 17, 2016 7:20:13 PM org.apache.catalina.startup.VersionLoggerListener log
INFOS: OS Name:               Linux
mars 17, 2016 7:20:13 PM org.apache.catalina.startup.VersionLoggerListener log
INFOS: OS Version:            3.13.0-77-generic
mars 17, 2016 7:20:13 PM org.apache.catalina.startup.VersionLoggerListener log
INFOS: Architecture:          amd64
mars 17, 2016 7:20:13 PM org.apache.catalina.startup.VersionLoggerListener log
INFOS: Java Home:             /usr/local/java/jdk1.8.0_65/jre
mars 17, 2016 7:20:13 PM org.apache.catalina.startup.VersionLoggerListener log
INFOS: JVM Version:           1.8.0_65-b17
mars 17, 2016 7:20:13 PM org.apache.catalina.startup.VersionLoggerListener log
INFOS: JVM Vendor:            Oracle Corporation
mars 17, 2016 7:20:13 PM org.apache.catalina.startup.VersionLoggerListener log
INFOS: CATALINA_BASE:         /home/user/DevOps/DevOps_Partie_2/serverJ2E/target/apache-tomee
mars 17, 2016 7:20:13 PM org.apache.catalina.startup.VersionLoggerListener log
INFOS: CATALINA_HOME:         /home/user/DevOps/DevOps_Partie_2/serverJ2E/target/apache-tomee
mars 17, 2016 7:20:13 PM org.apache.catalina.startup.VersionLoggerListener log
INFOS: Command line argument: -XX:+HeapDumpOnOutOfMemoryError
mars 17, 2016 7:20:13 PM org.apache.catalina.startup.VersionLoggerListener log
INFOS: Command line argument: -Dorg.apache.catalina.STRICT_SERVLET_COMPLIANCE=false
mars 17, 2016 7:20:13 PM org.apache.catalina.startup.VersionLoggerListener log
INFOS: Command line argument: -Dopenejb.session.manager=org.apache.tomee.catalina.session.QuickSessionManager
mars 17, 2016 7:20:13 PM org.apache.catalina.startup.VersionLoggerListener log
INFOS: Command line argument: -Dtomee.remote.support=true
mars 17, 2016 7:20:13 PM org.apache.catalina.startup.VersionLoggerListener log
INFOS: Command line argument: -Xmx512m
mars 17, 2016 7:20:13 PM org.apache.catalina.startup.VersionLoggerListener log
INFOS: Command line argument: -XX:PermSize=256m
mars 17, 2016 7:20:13 PM org.apache.catalina.startup.VersionLoggerListener log
INFOS: Command line argument: -Djava.util.logging.config.file=/home/user/DevOps/DevOps_Partie_2/serverJ2E/target/apache-tomee/conf/logging.properties
mars 17, 2016 7:20:13 PM org.apache.catalina.startup.VersionLoggerListener log
INFOS: Command line argument: -javaagent:/home/user/DevOps/DevOps_Partie_2/serverJ2E/target/apache-tomee/lib/openejb-javaagent.jar
mars 17, 2016 7:20:13 PM org.apache.catalina.startup.VersionLoggerListener log
INFOS: Command line argument: -Djava.util.logging.manager=org.apache.juli.ClassLoaderLogManager
mars 17, 2016 7:20:13 PM org.apache.catalina.startup.VersionLoggerListener log
INFOS: Command line argument: -Djava.io.tmpdir=/home/user/DevOps/DevOps_Partie_2/serverJ2E/target/apache-tomee/temp
mars 17, 2016 7:20:13 PM org.apache.catalina.startup.VersionLoggerListener log
INFOS: Command line argument: -Djava.endorsed.dirs=/home/user/DevOps/DevOps_Partie_2/serverJ2E/target/apache-tomee/endorsed
mars 17, 2016 7:20:13 PM org.apache.catalina.startup.VersionLoggerListener log
INFOS: Command line argument: -Dcatalina.base=/home/user/DevOps/DevOps_Partie_2/serverJ2E/target/apache-tomee
mars 17, 2016 7:20:13 PM org.apache.catalina.startup.VersionLoggerListener log
INFOS: Command line argument: -Dcatalina.home=/home/user/DevOps/DevOps_Partie_2/serverJ2E/target/apache-tomee
mars 17, 2016 7:20:13 PM org.apache.catalina.startup.VersionLoggerListener log
INFOS: Command line argument: -Dcatalina.ext.dirs=/home/user/DevOps/DevOps_Partie_2/serverJ2E/target/apache-tomee/lib
mars 17, 2016 7:20:13 PM org.apache.catalina.startup.VersionLoggerListener log
INFOS: Command line argument: -Dorg.apache.tomcat.util.http.ServerCookie.ALLOW_HTTP_SEPARATORS_IN_V0=true
mars 17, 2016 7:20:13 PM org.apache.catalina.startup.VersionLoggerListener log
INFOS: Command line argument: -ea
mars 17, 2016 7:20:13 PM org.apache.catalina.core.AprLifecycleListener lifecycleEvent
INFOS: The APR based Apache Tomcat Native library which allows optimal performance in production environments was not found on the java.library.path: /usr/java/packages/lib/amd64:/usr/lib64:/lib64:/lib:/usr/lib
mars 17, 2016 7:20:13 PM org.apache.coyote.AbstractProtocol init
INFOS: Initializing ProtocolHandler ["http-bio-8080"]
mars 17, 2016 7:20:13 PM org.apache.coyote.AbstractProtocol init
INFOS: Initializing ProtocolHandler ["ajp-bio-8009"]
mars 17, 2016 7:20:14 PM org.apache.openejb.util.OptionsLog info
INFOS: Using 'tomee.remote.support=true'
mars 17, 2016 7:20:14 PM org.apache.openejb.util.OptionsLog info
INFOS: Using 'openejb.jdbc.datasource-creator=org.apache.tomee.jdbc.TomEEDataSourceCreator'
mars 17, 2016 7:20:14 PM org.apache.openejb.OpenEJB$Instance <init>
INFOS: ********************************************************************************
mars 17, 2016 7:20:14 PM org.apache.openejb.OpenEJB$Instance <init>
INFOS: OpenEJB http://tomee.apache.org/
mars 17, 2016 7:20:14 PM org.apache.openejb.OpenEJB$Instance <init>
INFOS: Startup: Thu Mar 17 19:20:14 CET 2016
mars 17, 2016 7:20:14 PM org.apache.openejb.OpenEJB$Instance <init>
INFOS: Copyright 1999-2015 (C) Apache OpenEJB/TomEE Project, All Rights Reserved.
mars 17, 2016 7:20:14 PM org.apache.openejb.OpenEJB$Instance <init>
INFOS: Version: 4.7.3
mars 17, 2016 7:20:14 PM org.apache.openejb.OpenEJB$Instance <init>
INFOS: Build date: 20151204
mars 17, 2016 7:20:14 PM org.apache.openejb.OpenEJB$Instance <init>
INFOS: Build time: 06:14
mars 17, 2016 7:20:14 PM org.apache.openejb.OpenEJB$Instance <init>
INFOS: ********************************************************************************
mars 17, 2016 7:20:14 PM org.apache.openejb.OpenEJB$Instance <init>
INFOS: openejb.home = /home/user/DevOps/DevOps_Partie_2/serverJ2E/target/apache-tomee
mars 17, 2016 7:20:14 PM org.apache.openejb.OpenEJB$Instance <init>
INFOS: openejb.base = /home/user/DevOps/DevOps_Partie_2/serverJ2E/target/apache-tomee
mars 17, 2016 7:20:14 PM org.apache.openejb.cdi.CdiBuilder initializeOWB
INFOS: Created new singletonService org.apache.openejb.cdi.ThreadSingletonServiceImpl@ba8d91c
mars 17, 2016 7:20:14 PM org.apache.openejb.cdi.CdiBuilder initializeOWB
INFOS: Succeeded in installing singleton service
mars 17, 2016 7:20:14 PM org.apache.openejb.config.ConfigurationFactory init
INFOS: openejb configuration file is '/home/user/DevOps/DevOps_Partie_2/serverJ2E/target/apache-tomee/conf/tomee.xml'
mars 17, 2016 7:20:14 PM org.apache.openejb.config.ConfigurationFactory configureService
INFOS: Configuring Service(id=Tomcat Security Service, type=SecurityService, provider-id=Tomcat Security Service)
mars 17, 2016 7:20:14 PM org.apache.openejb.config.ConfigurationFactory configureService
INFOS: Configuring Service(id=Default Transaction Manager, type=TransactionManager, provider-id=Default Transaction Manager)
mars 17, 2016 7:20:14 PM org.apache.openejb.util.OptionsLog info
INFOS: Using 'openejb.system.apps=true'
mars 17, 2016 7:20:14 PM org.apache.openejb.config.ConfigurationFactory configureApplication
INFOS: Configuring enterprise application: openejb
mars 17, 2016 7:20:14 PM org.apache.openejb.config.InitEjbDeployments deploy
INFOS: Using openejb.deploymentId.format '{ejbName}'
mars 17, 2016 7:20:14 PM org.apache.openejb.config.InitEjbDeployments deploy
INFOS: Auto-deploying ejb openejb/Deployer: EjbDeployment(deployment-id=openejb/Deployer)
mars 17, 2016 7:20:14 PM org.apache.openejb.config.InitEjbDeployments deploy
INFOS: Auto-deploying ejb openejb/ConfigurationInfo: EjbDeployment(deployment-id=openejb/ConfigurationInfo)
mars 17, 2016 7:20:14 PM org.apache.openejb.config.InitEjbDeployments deploy
INFOS: Auto-deploying ejb MEJB: EjbDeployment(deployment-id=MEJB)
mars 17, 2016 7:20:14 PM org.apache.openejb.config.ConfigurationFactory configureService
INFOS: Configuring Service(id=Default Stateless Container, type=Container, provider-id=Default Stateless Container)
mars 17, 2016 7:20:14 PM org.apache.openejb.config.AutoConfig createContainer
INFOS: Auto-creating a container for bean openejb/Deployer: Container(type=STATELESS, id=Default Stateless Container)
mars 17, 2016 7:20:14 PM org.apache.openejb.config.AppInfoBuilder build
INFOS: Enterprise application "openejb" loaded.
mars 17, 2016 7:20:14 PM org.apache.openejb.assembler.classic.Assembler createRecipe
INFOS: Creating TransactionManager(id=Default Transaction Manager)
mars 17, 2016 7:20:14 PM org.apache.openejb.assembler.classic.Assembler createRecipe
INFOS: Creating SecurityService(id=Tomcat Security Service)
mars 17, 2016 7:20:14 PM org.apache.openejb.assembler.classic.Assembler createRecipe
INFOS: Creating Container(id=Default Stateless Container)
mars 17, 2016 7:20:14 PM org.apache.openejb.assembler.classic.Assembler createAppClassLoader
INFOS: Not creating another application classloader for openejb
mars 17, 2016 7:20:14 PM org.apache.openejb.assembler.classic.Assembler createApplication
INFOS: Assembling app: openejb
mars 17, 2016 7:20:14 PM org.apache.openejb.util.OptionsLog info
INFOS: Using 'openejb.jndiname.format={deploymentId}{interfaceType.openejbLegacyName}'
mars 17, 2016 7:20:14 PM org.apache.openejb.assembler.classic.JndiBuilder bind
INFOS: Jndi(name=openejb/DeployerBusinessRemote) --> Ejb(deployment-id=openejb/Deployer)
mars 17, 2016 7:20:14 PM org.apache.openejb.assembler.classic.JndiBuilder bind
INFOS: Jndi(name=global/openejb/openejb/Deployer!org.apache.openejb.assembler.Deployer) --> Ejb(deployment-id=openejb/Deployer)
mars 17, 2016 7:20:14 PM org.apache.openejb.assembler.classic.JndiBuilder bind
INFOS: Jndi(name=global/openejb/openejb/Deployer) --> Ejb(deployment-id=openejb/Deployer)
mars 17, 2016 7:20:14 PM org.apache.openejb.assembler.classic.JndiBuilder bind
INFOS: Jndi(name=openejb/ConfigurationInfoBusinessRemote) --> Ejb(deployment-id=openejb/ConfigurationInfo)
mars 17, 2016 7:20:14 PM org.apache.openejb.assembler.classic.JndiBuilder bind
INFOS: Jndi(name=global/openejb/openejb/ConfigurationInfo!org.apache.openejb.assembler.classic.cmd.ConfigurationInfo) --> Ejb(deployment-id=openejb/ConfigurationInfo)
mars 17, 2016 7:20:14 PM org.apache.openejb.assembler.classic.JndiBuilder bind
INFOS: Jndi(name=global/openejb/openejb/ConfigurationInfo) --> Ejb(deployment-id=openejb/ConfigurationInfo)
mars 17, 2016 7:20:14 PM org.apache.openejb.assembler.classic.JndiBuilder bind
INFOS: Jndi(name=MEJB) --> Ejb(deployment-id=MEJB)
mars 17, 2016 7:20:14 PM org.apache.openejb.assembler.classic.JndiBuilder bind
INFOS: Jndi(name=global/openejb/MEJB!javax.management.j2ee.ManagementHome) --> Ejb(deployment-id=MEJB)
mars 17, 2016 7:20:14 PM org.apache.openejb.assembler.classic.JndiBuilder bind
INFOS: Jndi(name=global/openejb/MEJB) --> Ejb(deployment-id=MEJB)
mars 17, 2016 7:20:14 PM org.apache.openejb.assembler.classic.Assembler startEjbs
INFOS: Created Ejb(deployment-id=MEJB, ejb-name=MEJB, container=Default Stateless Container)
mars 17, 2016 7:20:14 PM org.apache.openejb.assembler.classic.Assembler startEjbs
INFOS: Created Ejb(deployment-id=openejb/ConfigurationInfo, ejb-name=openejb/ConfigurationInfo, container=Default Stateless Container)
mars 17, 2016 7:20:14 PM org.apache.openejb.assembler.classic.Assembler startEjbs
INFOS: Created Ejb(deployment-id=openejb/Deployer, ejb-name=openejb/Deployer, container=Default Stateless Container)
mars 17, 2016 7:20:15 PM org.apache.openejb.assembler.classic.Assembler startEjbs
INFOS: Started Ejb(deployment-id=MEJB, ejb-name=MEJB, container=Default Stateless Container)
mars 17, 2016 7:20:15 PM org.apache.openejb.assembler.classic.Assembler startEjbs
INFOS: Started Ejb(deployment-id=openejb/ConfigurationInfo, ejb-name=openejb/ConfigurationInfo, container=Default Stateless Container)
mars 17, 2016 7:20:15 PM org.apache.openejb.assembler.classic.Assembler startEjbs
INFOS: Started Ejb(deployment-id=openejb/Deployer, ejb-name=openejb/Deployer, container=Default Stateless Container)
mars 17, 2016 7:20:15 PM org.apache.openejb.assembler.classic.Assembler deployMBean
INFOS: Deployed MBean(openejb.user.mbeans:application=openejb,group=org.apache.openejb.assembler.monitoring,name=JMXDeployer)
mars 17, 2016 7:20:15 PM org.apache.openejb.assembler.classic.Assembler createApplication
INFOS: Deployed Application(path=openejb)
mars 17, 2016 7:20:15 PM org.apache.openejb.server.ServiceManager initServer
INFOS: Creating ServerService(id=cxf)
mars 17, 2016 7:20:15 PM org.apache.openejb.server.ServiceManager initServer
INFOS: Creating ServerService(id=cxf-rs)
mars 17, 2016 7:20:15 PM org.apache.openejb.server.SimpleServiceManager start
INFOS:   ** Bound Services **
mars 17, 2016 7:20:15 PM org.apache.openejb.server.SimpleServiceManager printRow
INFOS:   NAME                 IP              PORT  
mars 17, 2016 7:20:15 PM org.apache.openejb.server.SimpleServiceManager start
INFOS: -------
mars 17, 2016 7:20:15 PM org.apache.openejb.server.SimpleServiceManager start
INFOS: Ready!
mars 17, 2016 7:20:15 PM org.apache.catalina.startup.Catalina load
INFOS: Initialization processed in 2181 ms
mars 17, 2016 7:20:15 PM org.apache.tomee.catalina.OpenEJBNamingContextListener bindResource
INFOS: Importing a Tomcat Resource with id 'UserDatabase' of type 'org.apache.catalina.UserDatabase'.
mars 17, 2016 7:20:15 PM org.apache.openejb.assembler.classic.Assembler createRecipe
INFOS: Creating Resource(id=UserDatabase)
mars 17, 2016 7:20:15 PM org.apache.catalina.core.StandardService startInternal
INFOS: Démarrage du service Catalina
mars 17, 2016 7:20:15 PM org.apache.catalina.core.StandardEngine startInternal
INFOS: Starting Servlet Engine: Apache Tomcat (TomEE)/7.0.63 (1.7.3)
mars 17, 2016 7:20:15 PM org.apache.catalina.startup.HostConfig deployWAR
INFOS: Déploiement de l'archive /home/user/DevOps/DevOps_Partie_2/serverJ2E/target/apache-tomee/webapps/tcf-serverJ2E-1.0-SNAPSHOT.war de l'application web
mars 17, 2016 7:20:15 PM org.apache.tomee.catalina.TomcatWebAppBuilder init
INFOS: ------------------------- localhost -> /tcf-serverJ2E-1.0-SNAPSHOT
mars 17, 2016 7:20:15 PM org.apache.openejb.util.JarExtractor extract
INFOS: Extracting jar: /home/user/DevOps/DevOps_Partie_2/serverJ2E/target/apache-tomee/webapps/tcf-serverJ2E-1.0-SNAPSHOT.war
mars 17, 2016 7:20:15 PM org.apache.openejb.util.JarExtractor extract
INFOS: Extracted path: /home/user/DevOps/DevOps_Partie_2/serverJ2E/target/apache-tomee/webapps/tcf-serverJ2E-1.0-SNAPSHOT
mars 17, 2016 7:20:15 PM org.apache.openejb.util.OptionsLog info
INFOS: Using 'openejb.session.manager=org.apache.tomee.catalina.session.QuickSessionManager'
mars 17, 2016 7:20:15 PM org.apache.openejb.config.ConfigurationFactory configureApplication
INFOS: Configuring enterprise application: /home/user/DevOps/DevOps_Partie_2/serverJ2E/target/apache-tomee/webapps/tcf-serverJ2E-1.0-SNAPSHOT
mars 17, 2016 7:20:15 PM org.apache.openejb.config.AppInfoBuilder build
INFOS: Enterprise application "/home/user/DevOps/DevOps_Partie_2/serverJ2E/target/apache-tomee/webapps/tcf-serverJ2E-1.0-SNAPSHOT" loaded.
mars 17, 2016 7:20:15 PM org.apache.openejb.assembler.classic.Assembler createApplication
INFOS: Assembling app: /home/user/DevOps/DevOps_Partie_2/serverJ2E/target/apache-tomee/webapps/tcf-serverJ2E-1.0-SNAPSHOT
mars 17, 2016 7:20:15 PM org.apache.openejb.cdi.CdiBuilder initSingleton
INFOS: Existing thread singleton service in SystemInstance(): org.apache.openejb.cdi.ThreadSingletonServiceImpl@ba8d91c
mars 17, 2016 7:20:15 PM org.apache.openejb.cdi.OpenEJBLifecycle startApplication
INFOS: OpenWebBeans Container is starting...
mars 17, 2016 7:20:15 PM org.apache.webbeans.plugins.PluginLoader startUp
INFOS: Adding OpenWebBeansPlugin : [CdiPlugin]
mars 17, 2016 7:20:15 PM org.apache.webbeans.plugins.PluginLoader startUp
INFOS: Adding OpenWebBeansPlugin : [OpenWebBeansJsfPlugin]
mars 17, 2016 7:20:15 PM org.apache.webbeans.config.BeansDeployer validateInjectionPoints
INFOS: All injection points were validated successfully.
mars 17, 2016 7:20:15 PM org.apache.openejb.cdi.OpenEJBLifecycle startApplication
INFOS: OpenWebBeans Container has started, it took 97 ms.
mars 17, 2016 7:20:15 PM org.apache.openejb.assembler.classic.Assembler createApplication
INFOS: Deployed Application(path=/home/user/DevOps/DevOps_Partie_2/serverJ2E/target/apache-tomee/webapps/tcf-serverJ2E-1.0-SNAPSHOT)
mars 17, 2016 7:20:16 PM org.apache.catalina.startup.HostConfig deployWAR
INFOS: Deployment of web application archive /home/user/DevOps/DevOps_Partie_2/serverJ2E/target/apache-tomee/webapps/tcf-serverJ2E-1.0-SNAPSHOT.war has finished in 811 ms
mars 17, 2016 7:20:16 PM org.apache.coyote.AbstractProtocol start
INFOS: Starting ProtocolHandler ["http-bio-8080"]
mars 17, 2016 7:20:16 PM org.apache.coyote.AbstractProtocol start
INFOS: Starting ProtocolHandler ["ajp-bio-8009"]
mars 17, 2016 7:20:16 PM org.apache.catalina.startup.Catalina start
INFOS: Server startup in 919 ms
mars 17, 2016 8:47:46 PM org.apache.catalina.core.StandardServer await
INFOS: A valid shutdown command was received via the shutdown port. Stopping the Server instance.
mars 17, 2016 8:47:46 PM org.apache.coyote.AbstractProtocol pause
INFOS: Pausing ProtocolHandler ["http-bio-8080"]
mars 17, 2016 8:47:46 PM org.apache.coyote.AbstractProtocol pause
INFOS: Pausing ProtocolHandler ["ajp-bio-8009"]
mars 17, 2016 8:47:46 PM org.apache.catalina.core.StandardService stopInternal
INFOS: Arrêt du service Catalina
mars 17, 2016 8:47:46 PM org.apache.openejb.assembler.classic.Assembler destroyApplication
INFOS: Undeploying app: /home/user/DevOps/DevOps_Partie_2/serverJ2E/target/apache-tomee/webapps/tcf-serverJ2E-1.0-SNAPSHOT
mars 17, 2016 8:47:46 PM org.apache.coyote.AbstractProtocol stop
INFOS: Stopping ProtocolHandler ["http-bio-8080"]
mars 17, 2016 8:47:46 PM org.apache.coyote.AbstractProtocol stop
INFOS: Stopping ProtocolHandler ["ajp-bio-8009"]
mars 17, 2016 8:47:46 PM org.apache.openejb.server.SimpleServiceManager stop
INFOS: Stopping server services
mars 17, 2016 8:47:46 PM org.apache.openejb.assembler.classic.Assembler destroyApplication
INFOS: Undeploying app: openejb
mars 17, 2016 8:47:47 PM org.apache.coyote.AbstractProtocol destroy
INFOS: Destroying ProtocolHandler ["http-bio-8080"]
mars 17, 2016 8:47:47 PM org.apache.coyote.AbstractProtocol destroy
INFOS: Destroying ProtocolHandler ["ajp-bio-8009"]
